mode: atomic
github.com/ignatij/goflow/cmd/goflow/main.go:12.13,14.42 1 0
github.com/ignatij/goflow/cmd/goflow/main.go:14.42,17.3 2 0
github.com/ignatij/goflow/cmd/goflow-migrate/main.go:19.47,21.41 1 0
github.com/ignatij/goflow/cmd/goflow-migrate/main.go:21.41,23.4 1 0
github.com/ignatij/goflow/cmd/goflow-migrate/main.go:25.3,26.20 2 0
github.com/ignatij/goflow/cmd/goflow-migrate/main.go:26.20,33.92 6 0
github.com/ignatij/goflow/cmd/goflow-migrate/main.go:33.92,36.5 2 0
github.com/ignatij/goflow/cmd/goflow-migrate/main.go:37.4,38.52 1 0
github.com/ignatij/goflow/cmd/goflow-migrate/main.go:41.3,42.17 2 0
github.com/ignatij/goflow/cmd/goflow-migrate/main.go:42.17,45.4 2 0
github.com/ignatij/goflow/cmd/goflow-migrate/main.go:46.3,46.62 1 0
github.com/ignatij/goflow/cmd/goflow-migrate/main.go:46.62,49.4 2 0
github.com/ignatij/goflow/cmd/goflow-migrate/main.go:50.3,50.49 1 0
github.com/ignatij/goflow/cmd/goflow-migrate/main.go:54.13,57.42 3 0
github.com/ignatij/goflow/cmd/goflow-migrate/main.go:57.42,60.3 2 0
github.com/ignatij/goflow/internal/testutil/db.go:28.40,32.16 3 0
github.com/ignatij/goflow/internal/testutil/db.go:32.16,33.51 1 0
github.com/ignatij/goflow/internal/testutil/db.go:35.2,38.40 2 0
github.com/ignatij/goflow/internal/testutil/db.go:38.40,40.3 1 0
github.com/ignatij/goflow/internal/testutil/db.go:43.2,50.90 6 0
github.com/ignatij/goflow/internal/testutil/db.go:50.90,52.3 1 0
github.com/ignatij/goflow/internal/testutil/db.go:55.2,71.16 3 0
github.com/ignatij/goflow/internal/testutil/db.go:71.16,73.3 1 0
github.com/ignatij/goflow/internal/testutil/db.go:76.2,81.16 3 0
github.com/ignatij/goflow/internal/testutil/db.go:81.16,83.29 2 0
github.com/ignatij/goflow/internal/testutil/db.go:83.29,85.4 1 0
github.com/ignatij/goflow/internal/testutil/db.go:86.3,86.52 1 0
github.com/ignatij/goflow/internal/testutil/db.go:90.2,90.26 1 0
github.com/ignatij/goflow/internal/testutil/db.go:90.26,91.35 1 0
github.com/ignatij/goflow/internal/testutil/db.go:91.35,92.9 1 0
github.com/ignatij/goflow/internal/testutil/db.go:94.3,94.13 1 0
github.com/ignatij/goflow/internal/testutil/db.go:94.13,96.30 2 0
github.com/ignatij/goflow/internal/testutil/db.go:96.30,98.5 1 0
github.com/ignatij/goflow/internal/testutil/db.go:99.4,99.61 1 0
github.com/ignatij/goflow/internal/testutil/db.go:101.3,101.37 1 0
github.com/ignatij/goflow/internal/testutil/db.go:105.2,106.16 2 0
github.com/ignatij/goflow/internal/testutil/db.go:106.16,108.29 2 0
github.com/ignatij/goflow/internal/testutil/db.go:108.29,110.4 1 0
github.com/ignatij/goflow/internal/testutil/db.go:111.3,111.55 1 0
github.com/ignatij/goflow/internal/testutil/db.go:113.2,113.61 1 0
github.com/ignatij/goflow/internal/testutil/db.go:113.61,115.29 2 0
github.com/ignatij/goflow/internal/testutil/db.go:115.29,117.4 1 0
github.com/ignatij/goflow/internal/testutil/db.go:118.3,118.50 1 0
github.com/ignatij/goflow/internal/testutil/db.go:121.2,124.3 1 0
github.com/ignatij/goflow/internal/testutil/db.go:128.42,129.38 1 0
github.com/ignatij/goflow/internal/testutil/db.go:129.38,131.3 1 0
github.com/ignatij/goflow/internal/testutil/db.go:132.2,132.69 1 0
github.com/ignatij/goflow/internal/testutil/db.go:132.69,134.3 1 0
github.com/ignatij/goflow/internal/storage/postgres.go:15.63,17.16 2 0
github.com/ignatij/goflow/internal/storage/postgres.go:17.16,19.3 1 0
github.com/ignatij/goflow/internal/storage/postgres.go:20.2,20.34 1 0
github.com/ignatij/goflow/internal/storage/postgres.go:20.34,22.3 1 0
github.com/ignatij/goflow/internal/storage/postgres.go:23.2,23.36 1 0
github.com/ignatij/goflow/internal/storage/postgres.go:27.70,31.16 3 8
github.com/ignatij/goflow/internal/storage/postgres.go:31.16,33.3 1 0
github.com/ignatij/goflow/internal/storage/postgres.go:34.2,34.18 1 8
github.com/ignatij/goflow/internal/storage/postgres.go:38.70,41.26 3 3
github.com/ignatij/goflow/internal/storage/postgres.go:41.26,43.3 1 0
github.com/ignatij/goflow/internal/storage/postgres.go:44.2,44.16 1 3
github.com/ignatij/goflow/internal/storage/postgres.go:44.16,46.3 1 0
github.com/ignatij/goflow/internal/storage/postgres.go:49.2,50.16 2 3
github.com/ignatij/goflow/internal/storage/postgres.go:50.16,52.3 1 0
github.com/ignatij/goflow/internal/storage/postgres.go:55.2,57.16 3 3
github.com/ignatij/goflow/internal/storage/postgres.go:57.16,59.3 1 0
github.com/ignatij/goflow/internal/storage/postgres.go:60.2,61.27 2 3
github.com/ignatij/goflow/internal/storage/postgres.go:61.27,63.3 1 1
github.com/ignatij/goflow/internal/storage/postgres.go:65.2,65.16 1 3
github.com/ignatij/goflow/internal/storage/postgres.go:69.75,72.2 2 1
github.com/ignatij/goflow/internal/storage/postgres.go:75.55,79.2 2 10
github.com/ignatij/goflow/internal/storage/postgres.go:82.81,85.26 3 3
github.com/ignatij/goflow/internal/storage/postgres.go:85.26,87.3 1 0
github.com/ignatij/goflow/internal/storage/postgres.go:88.2,88.16 1 3
github.com/ignatij/goflow/internal/storage/postgres.go:88.16,90.3 1 0
github.com/ignatij/goflow/internal/storage/postgres.go:91.2,91.18 1 3
github.com/ignatij/goflow/internal/storage/postgres.go:95.100,105.2 2 1
github.com/ignatij/goflow/internal/storage/postgres.go:108.67,114.2 2 4
github.com/ignatij/goflow/internal/storage/postgres.go:117.86,120.16 3 2
github.com/ignatij/goflow/internal/storage/postgres.go:120.16,122.3 1 0
github.com/ignatij/goflow/internal/storage/postgres.go:123.2,123.18 1 2
